SF:lib/data/repositories/url_repository_impl.dart
DA:14,2
DA:16,1
DA:18,1
DA:19,4
DA:20,1
DA:21,1
DA:22,1
DA:24,2
DA:25,2
DA:27,1
DA:29,1
DA:32,2
DA:34,2
DA:35,2
DA:37,4
DA:38,2
DA:41,8
DA:42,12
DA:44,2
DA:47,2
DA:49,6
DA:51,8
DA:52,2
DA:55,1
DA:57,2
DA:58,2
DA:61,2
DA:63,4
DA:65,2
DA:71,4
DA:74,2
DA:75,2
DA:76,6
DA:77,8
DA:78,6
DA:79,12
DA:81,6
DA:84,2
DA:85,2
DA:86,2
DA:87,2
DA:88,2
DA:89,8
DA:90,2
DA:91,2
DA:92,2
DA:93,2
DA:94,2
DA:95,2
DA:96,2
DA:97,4
DA:101,2
DA:102,6
DA:103,2
DA:104,2
DA:105,2
DA:106,2
DA:107,2
DA:108,2
DA:110,2
DA:112,2
DA:113,2
DA:114,2
DA:115,2
DA:117,2
DA:118,4
DA:122,1
DA:130,2
DA:133,1
DA:145,2
LF:70
LH:70
end_of_record
SF:lib/domain/entities/cleaned_url.dart
DA:12,4
DA:21,4
DA:22,16
DA:23,16
DA:24,4
DA:25,8
DA:27,4
DA:32,12
DA:33,4
DA:37,4
DA:38,4
DA:40,12
DA:43,3
DA:44,6
DA:45,6
DA:46,5
DA:48,1
DA:49,1
DA:50,1
DA:51,1
DA:52,1
DA:53,1
DA:54,1
DA:55,1
DA:58,0
LF:25
LH:24
end_of_record
SF:lib/domain/entities/url_parameter.dart
DA:10,7
DA:18,3
DA:25,3
DA:26,3
DA:27,3
DA:28,1
DA:29,3
DA:30,3
DA:34,20
DA:36,1
DA:37,6
DA:39,1
LF:12
LH:12
end_of_record
SF:lib/presentation/widgets/parameter_item.dart
DA:8,1
DA:12,1
DA:14,1
DA:16,1
DA:18,1
DA:21,1
DA:22,2
DA:23,2
DA:24,1
DA:25,1
DA:26,1
DA:27,1
DA:28,1
DA:29,2
DA:30,3
DA:35,3
DA:37,1
DA:39,1
DA:40,2
DA:41,1
DA:43,1
DA:45,1
DA:46,1
DA:49,2
DA:52,1
DA:53,2
DA:54,1
DA:56,2
DA:66,1
DA:68,1
DA:69,4
DA:70,3
DA:71,3
DA:72,3
DA:73,2
LF:35
LH:35
end_of_record
SF:lib/presentation/providers/theme_provider.dart
DA:5,4
DA:6,2
DA:7,1
DA:10,3
DA:11,0
DA:18,2
DA:19,1
DA:22,1
DA:23,3
DA:24,2
DA:27,1
DA:28,1
DA:29,3
DA:32,1
DA:33,1
DA:34,1
DA:35,1
DA:37,1
DA:38,1
DA:40,1
DA:41,1
LF:21
LH:20
end_of_record
SF:lib/presentation/providers/url_provider.dart
DA:10,3
DA:11,0
DA:15,4
DA:16,2
DA:17,1
DA:21,4
DA:22,2
DA:23,1
DA:33,4
DA:40,1
DA:46,1
DA:47,1
DA:48,1
DA:49,1
DA:50,1
DA:60,1
DA:61,1
DA:63,1
DA:64,3
DA:67,2
DA:68,3
DA:74,2
DA:76,3
DA:78,1
DA:83,1
DA:84,2
DA:86,4
DA:87,3
DA:88,2
DA:91,1
DA:92,3
DA:96,3
DA:99,1
DA:100,2
DA:102,2
DA:103,5
DA:104,1
DA:105,1
DA:107,1
DA:108,3
DA:112,3
DA:118,1
DA:119,2
DA:121,5
DA:122,1
DA:123,1
DA:125,1
DA:126,3
DA:130,3
DA:136,1
DA:137,1
DA:142,4
DA:143,2
DA:144,2
DA:145,1
DA:149,4
DA:150,2
DA:151,1
DA:155,4
DA:156,2
DA:157,1
LF:61
LH:60
end_of_record
SF:lib/domain/usecases/parse_url_usecase.dart
DA:9,2
DA:11,2
DA:12,2
DA:13,2
DA:16,2
DA:17,2
DA:19,2
DA:22,2
DA:24,2
DA:25,4
DA:31,2
DA:32,8
DA:33,6
DA:34,6
DA:36,2
DA:37,2
DA:38,2
DA:43,2
LF:18
LH:18
end_of_record
SF:lib/main.dart
DA:10,0
DA:13,2
DA:15,1
DA:16,1
DA:28,1
DA:30,1
DA:31,1
DA:34,1
DA:36,1
DA:37,3
DA:38,0
DA:39,0
DA:41,0
DA:43,0
DA:47,3
DA:48,0
DA:49,1
DA:51,0
DA:56,0
DA:57,0
DA:61,0
DA:62,0
DA:65,0
DA:67,0
DA:70,0
DA:71,0
DA:72,0
DA:73,0
DA:75,0
DA:79,0
DA:80,0
DA:81,0
DA:83,0
DA:84,0
DA:85,0
DA:86,0
DA:87,0
DA:88,0
DA:91,0
DA:92,0
DA:96,1
DA:98,2
DA:99,1
DA:102,1
DA:104,1
DA:105,1
DA:109,1
DA:110,1
DA:112,3
DA:113,1
DA:114,2
DA:115,0
DA:117,0
DA:122,1
DA:124,1
DA:129,1
DA:130,2
DA:131,1
DA:132,1
DA:134,1
DA:135,1
DA:138,1
DA:141,1
DA:143,1
DA:145,1
DA:149,1
DA:151,1
DA:153,1
DA:161,0
DA:162,0
DA:163,0
DA:164,0
DA:165,0
DA:170,0
DA:171,0
DA:174,0
DA:176,0
DA:178,0
DA:179,0
DA:180,0
DA:190,0
DA:191,0
DA:192,0
DA:193,0
DA:196,0
DA:197,0
DA:203,0
DA:205,0
DA:206,0
DA:207,0
DA:209,0
DA:210,0
DA:218,0
DA:220,0
DA:221,0
DA:224,0
DA:227,0
DA:230,0
DA:240,0
DA:241,0
DA:242,0
DA:244,0
DA:245,0
DA:246,0
DA:247,0
DA:248,0
DA:255,0
DA:256,0
DA:264,0
DA:265,0
DA:266,0
DA:267,0
DA:269,0
DA:270,0
DA:281,0
DA:283,0
DA:284,0
DA:285,0
DA:286,0
DA:288,0
DA:291,0
DA:293,0
DA:294,0
DA:295,0
DA:296,0
DA:297,0
DA:298,0
DA:299,0
DA:307,0
DA:309,0
DA:310,0
DA:311,0
DA:313,0
DA:315,0
DA:317,0
DA:324,0
DA:325,0
DA:326,0
DA:327,0
DA:328,0
DA:330,0
DA:341,0
DA:342,0
DA:343,0
DA:345,0
DA:348,0
DA:349,0
DA:350,0
DA:351,0
DA:352,0
DA:353,0
DA:354,0
DA:358,0
DA:359,0
DA:360,0
DA:368,0
DA:369,0
DA:370,0
DA:371,0
DA:372,0
DA:375,0
DA:378,0
DA:379,0
DA:380,0
DA:381,0
DA:383,0
DA:385,0
DA:388,0
DA:402,0
DA:405,0
DA:406,0
DA:407,0
DA:408,0
DA:409,0
DA:415,0
DA:416,0
DA:417,0
DA:418,0
DA:419,0
LF:179
LH:37
end_of_record
SF:lib/argument.dart
DA:6,0
DA:12,0
DA:14,0
DA:17,0
DA:22,0
DA:23,0
DA:24,0
DA:25,0
LF:8
LH:0
end_of_record
